<?xml version="1.0" encoding="UTF-8"?>
<testsuite xmlns:xsi="http://www.w3.org/2001/XMLSchema-instance" xsi:noNamespaceSchemaLocation="https://maven.apache.org/surefire/maven-surefire-plugin/xsd/surefire-test-report.xsd" name="org.wendex.AppTest" time="0.013" tests="1" errors="0" skipped="0" failures="0">
  <properties>
    <property name="java.specification.version" value="14"/>
    <property name="sun.jnu.encoding" value="UTF-8"/>
    <property name="java.class.path" value="/home/wendex/labs/rsp/lab2/target/test-classes:/home/wendex/labs/rsp/lab2/target/classes:/home/wendex/.m2/repository/org/apache/hadoop/hadoop-client/2.7.3/hadoop-client-2.7.3.jar:/home/wendex/.m2/repository/org/apache/hadoop/hadoop-common/2.7.3/hadoop-common-2.7.3.jar:/home/wendex/.m2/repository/com/google/guava/guava/11.0.2/guava-11.0.2.jar:/home/wendex/.m2/repository/commons-cli/commons-cli/1.2/commons-cli-1.2.jar:/home/wendex/.m2/repository/org/apache/commons/commons-math3/3.1.1/commons-math3-3.1.1.jar:/home/wendex/.m2/repository/xmlenc/xmlenc/0.52/xmlenc-0.52.jar:/home/wendex/.m2/repository/commons-httpclient/commons-httpclient/3.1/commons-httpclient-3.1.jar:/home/wendex/.m2/repository/commons-codec/commons-codec/1.4/commons-codec-1.4.jar:/home/wendex/.m2/repository/commons-io/commons-io/2.4/commons-io-2.4.jar:/home/wendex/.m2/repository/commons-net/commons-net/3.1/commons-net-3.1.jar:/home/wendex/.m2/repository/commons-collections/commons-collections/3.2.2/commons-collections-3.2.2.jar:/home/wendex/.m2/repository/javax/servlet/jsp/jsp-api/2.1/jsp-api-2.1.jar:/home/wendex/.m2/repository/commons-logging/commons-logging/1.1.3/commons-logging-1.1.3.jar:/home/wendex/.m2/repository/log4j/log4j/1.2.17/log4j-1.2.17.jar:/home/wendex/.m2/repository/commons-lang/commons-lang/2.6/commons-lang-2.6.jar:/home/wendex/.m2/repository/commons-configuration/commons-configuration/1.6/commons-configuration-1.6.jar:/home/wendex/.m2/repository/commons-digester/commons-digester/1.8/commons-digester-1.8.jar:/home/wendex/.m2/repository/commons-beanutils/commons-beanutils/1.7.0/commons-beanutils-1.7.0.jar:/home/wendex/.m2/repository/commons-beanutils/commons-beanutils-core/1.8.0/commons-beanutils-core-1.8.0.jar:/home/wendex/.m2/repository/org/slf4j/slf4j-api/1.7.10/slf4j-api-1.7.10.jar:/home/wendex/.m2/repository/org/slf4j/slf4j-log4j12/1.7.10/slf4j-log4j12-1.7.10.jar:/home/wendex/.m2/repository/org/codehaus/jackson/jackson-core-asl/1.9.13/jackson-core-asl-1.9.13.jar:/home/wendex/.m2/repository/org/codehaus/jackson/jackson-mapper-asl/1.9.13/jackson-mapper-asl-1.9.13.jar:/home/wendex/.m2/repository/org/apache/avro/avro/1.7.4/avro-1.7.4.jar:/home/wendex/.m2/repository/com/thoughtworks/paranamer/paranamer/2.3/paranamer-2.3.jar:/home/wendex/.m2/repository/org/xerial/snappy/snappy-java/1.0.4.1/snappy-java-1.0.4.1.jar:/home/wendex/.m2/repository/com/google/protobuf/protobuf-java/2.5.0/protobuf-java-2.5.0.jar:/home/wendex/.m2/repository/com/google/code/gson/gson/2.2.4/gson-2.2.4.jar:/home/wendex/.m2/repository/org/apache/hadoop/hadoop-auth/2.7.3/hadoop-auth-2.7.3.jar:/home/wendex/.m2/repository/org/apache/httpcomponents/httpclient/4.2.5/httpclient-4.2.5.jar:/home/wendex/.m2/repository/org/apache/httpcomponents/httpcore/4.2.4/httpcore-4.2.4.jar:/home/wendex/.m2/repository/org/apache/directory/server/apacheds-kerberos-codec/2.0.0-M15/apacheds-kerberos-codec-2.0.0-M15.jar:/home/wendex/.m2/repository/org/apache/directory/server/apacheds-i18n/2.0.0-M15/apacheds-i18n-2.0.0-M15.jar:/home/wendex/.m2/repository/org/apache/directory/api/api-asn1-api/1.0.0-M20/api-asn1-api-1.0.0-M20.jar:/home/wendex/.m2/repository/org/apache/directory/api/api-util/1.0.0-M20/api-util-1.0.0-M20.jar:/home/wendex/.m2/repository/org/apache/curator/curator-framework/2.7.1/curator-framework-2.7.1.jar:/home/wendex/.m2/repository/org/apache/curator/curator-client/2.7.1/curator-client-2.7.1.jar:/home/wendex/.m2/repository/org/apache/curator/curator-recipes/2.7.1/curator-recipes-2.7.1.jar:/home/wendex/.m2/repository/com/google/code/findbugs/jsr305/3.0.0/jsr305-3.0.0.jar:/home/wendex/.m2/repository/org/apache/htrace/htrace-core/3.1.0-incubating/htrace-core-3.1.0-incubating.jar:/home/wendex/.m2/repository/org/apache/zookeeper/zookeeper/3.4.6/zookeeper-3.4.6.jar:/home/wendex/.m2/repository/org/apache/commons/commons-compress/1.4.1/commons-compress-1.4.1.jar:/home/wendex/.m2/repository/org/tukaani/xz/1.0/xz-1.0.jar:/home/wendex/.m2/repository/org/apache/hadoop/hadoop-hdfs/2.7.3/hadoop-hdfs-2.7.3.jar:/home/wendex/.m2/repository/org/mortbay/jetty/jetty-util/6.1.26/jetty-util-6.1.26.jar:/home/wendex/.m2/repository/io/netty/netty/3.6.2.Final/netty-3.6.2.Final.jar:/home/wendex/.m2/repository/io/netty/netty-all/4.0.23.Final/netty-all-4.0.23.Final.jar:/home/wendex/.m2/repository/xerces/xercesImpl/2.9.1/xercesImpl-2.9.1.jar:/home/wendex/.m2/repository/xml-apis/xml-apis/1.3.04/xml-apis-1.3.04.jar:/home/wendex/.m2/repository/org/fusesource/leveldbjni/leveldbjni-all/1.8/leveldbjni-all-1.8.jar:/home/wendex/.m2/repository/org/apache/hadoop/hadoop-mapreduce-client-app/2.7.3/hadoop-mapreduce-client-app-2.7.3.jar:/home/wendex/.m2/repository/org/apache/hadoop/hadoop-mapreduce-client-common/2.7.3/hadoop-mapreduce-client-common-2.7.3.jar:/home/wendex/.m2/repository/org/apache/hadoop/hadoop-yarn-client/2.7.3/hadoop-yarn-client-2.7.3.jar:/home/wendex/.m2/repository/org/apache/hadoop/hadoop-yarn-server-common/2.7.3/hadoop-yarn-server-common-2.7.3.jar:/home/wendex/.m2/repository/org/apache/hadoop/hadoop-mapreduce-client-shuffle/2.7.3/hadoop-mapreduce-client-shuffle-2.7.3.jar:/home/wendex/.m2/repository/org/apache/hadoop/hadoop-yarn-api/2.7.3/hadoop-yarn-api-2.7.3.jar:/home/wendex/.m2/repository/org/apache/hadoop/hadoop-mapreduce-client-core/2.7.3/hadoop-mapreduce-client-core-2.7.3.jar:/home/wendex/.m2/repository/org/apache/hadoop/hadoop-yarn-common/2.7.3/hadoop-yarn-common-2.7.3.jar:/home/wendex/.m2/repository/javax/xml/bind/jaxb-api/2.2.2/jaxb-api-2.2.2.jar:/home/wendex/.m2/repository/javax/xml/stream/stax-api/1.0-2/stax-api-1.0-2.jar:/home/wendex/.m2/repository/javax/activation/activation/1.1/activation-1.1.jar:/home/wendex/.m2/repository/javax/servlet/servlet-api/2.5/servlet-api-2.5.jar:/home/wendex/.m2/repository/com/sun/jersey/jersey-core/1.9/jersey-core-1.9.jar:/home/wendex/.m2/repository/com/sun/jersey/jersey-client/1.9/jersey-client-1.9.jar:/home/wendex/.m2/repository/org/codehaus/jackson/jackson-jaxrs/1.9.13/jackson-jaxrs-1.9.13.jar:/home/wendex/.m2/repository/org/codehaus/jackson/jackson-xc/1.9.13/jackson-xc-1.9.13.jar:/home/wendex/.m2/repository/org/apache/hadoop/hadoop-mapreduce-client-jobclient/2.7.3/hadoop-mapreduce-client-jobclient-2.7.3.jar:/home/wendex/.m2/repository/org/apache/hadoop/hadoop-annotations/2.7.3/hadoop-annotations-2.7.3.jar:/home/wendex/.m2/repository/junit/junit/4.11/junit-4.11.jar:/home/wendex/.m2/repository/org/hamcrest/hamcrest-core/1.3/hamcrest-core-1.3.jar:"/>
    <property name="java.vm.vendor" value="Private Build"/>
    <property name="sun.arch.data.model" value="64"/>
    <property name="java.vendor.url" value="Unknown"/>
    <property name="os.name" value="Linux"/>
    <property name="java.vm.specification.version" value="14"/>
    <property name="sun.java.launcher" value="SUN_STANDARD"/>
    <property name="user.country" value="RU"/>
    <property name="sun.boot.library.path" value="/usr/lib/jvm/java-14-openjdk-amd64/lib"/>
    <property name="sun.java.command" value="/home/wendex/labs/rsp/lab2/target/surefire/surefirebooter8227902008481176804.jar /home/wendex/labs/rsp/lab2/target/surefire 2020-10-11T21-43-53_369-jvmRun1 surefire696308780012920432tmp surefire_05219532234556568817tmp"/>
    <property name="jdk.debug" value="release"/>
    <property name="surefire.test.class.path" value="/home/wendex/labs/rsp/lab2/target/test-classes:/home/wendex/labs/rsp/lab2/target/classes:/home/wendex/.m2/repository/org/apache/hadoop/hadoop-client/2.7.3/hadoop-client-2.7.3.jar:/home/wendex/.m2/repository/org/apache/hadoop/hadoop-common/2.7.3/hadoop-common-2.7.3.jar:/home/wendex/.m2/repository/com/google/guava/guava/11.0.2/guava-11.0.2.jar:/home/wendex/.m2/repository/commons-cli/commons-cli/1.2/commons-cli-1.2.jar:/home/wendex/.m2/repository/org/apache/commons/commons-math3/3.1.1/commons-math3-3.1.1.jar:/home/wendex/.m2/repository/xmlenc/xmlenc/0.52/xmlenc-0.52.jar:/home/wendex/.m2/repository/commons-httpclient/commons-httpclient/3.1/commons-httpclient-3.1.jar:/home/wendex/.m2/repository/commons-codec/commons-codec/1.4/commons-codec-1.4.jar:/home/wendex/.m2/repository/commons-io/commons-io/2.4/commons-io-2.4.jar:/home/wendex/.m2/repository/commons-net/commons-net/3.1/commons-net-3.1.jar:/home/wendex/.m2/repository/commons-collections/commons-collections/3.2.2/commons-collections-3.2.2.jar:/home/wendex/.m2/repository/javax/servlet/jsp/jsp-api/2.1/jsp-api-2.1.jar:/home/wendex/.m2/repository/commons-logging/commons-logging/1.1.3/commons-logging-1.1.3.jar:/home/wendex/.m2/repository/log4j/log4j/1.2.17/log4j-1.2.17.jar:/home/wendex/.m2/repository/commons-lang/commons-lang/2.6/commons-lang-2.6.jar:/home/wendex/.m2/repository/commons-configuration/commons-configuration/1.6/commons-configuration-1.6.jar:/home/wendex/.m2/repository/commons-digester/commons-digester/1.8/commons-digester-1.8.jar:/home/wendex/.m2/repository/commons-beanutils/commons-beanutils/1.7.0/commons-beanutils-1.7.0.jar:/home/wendex/.m2/repository/commons-beanutils/commons-beanutils-core/1.8.0/commons-beanutils-core-1.8.0.jar:/home/wendex/.m2/repository/org/slf4j/slf4j-api/1.7.10/slf4j-api-1.7.10.jar:/home/wendex/.m2/repository/org/slf4j/slf4j-log4j12/1.7.10/slf4j-log4j12-1.7.10.jar:/home/wendex/.m2/repository/org/codehaus/jackson/jackson-core-asl/1.9.13/jackson-core-asl-1.9.13.jar:/home/wendex/.m2/repository/org/codehaus/jackson/jackson-mapper-asl/1.9.13/jackson-mapper-asl-1.9.13.jar:/home/wendex/.m2/repository/org/apache/avro/avro/1.7.4/avro-1.7.4.jar:/home/wendex/.m2/repository/com/thoughtworks/paranamer/paranamer/2.3/paranamer-2.3.jar:/home/wendex/.m2/repository/org/xerial/snappy/snappy-java/1.0.4.1/snappy-java-1.0.4.1.jar:/home/wendex/.m2/repository/com/google/protobuf/protobuf-java/2.5.0/protobuf-java-2.5.0.jar:/home/wendex/.m2/repository/com/google/code/gson/gson/2.2.4/gson-2.2.4.jar:/home/wendex/.m2/repository/org/apache/hadoop/hadoop-auth/2.7.3/hadoop-auth-2.7.3.jar:/home/wendex/.m2/repository/org/apache/httpcomponents/httpclient/4.2.5/httpclient-4.2.5.jar:/home/wendex/.m2/repository/org/apache/httpcomponents/httpcore/4.2.4/httpcore-4.2.4.jar:/home/wendex/.m2/repository/org/apache/directory/server/apacheds-kerberos-codec/2.0.0-M15/apacheds-kerberos-codec-2.0.0-M15.jar:/home/wendex/.m2/repository/org/apache/directory/server/apacheds-i18n/2.0.0-M15/apacheds-i18n-2.0.0-M15.jar:/home/wendex/.m2/repository/org/apache/directory/api/api-asn1-api/1.0.0-M20/api-asn1-api-1.0.0-M20.jar:/home/wendex/.m2/repository/org/apache/directory/api/api-util/1.0.0-M20/api-util-1.0.0-M20.jar:/home/wendex/.m2/repository/org/apache/curator/curator-framework/2.7.1/curator-framework-2.7.1.jar:/home/wendex/.m2/repository/org/apache/curator/curator-client/2.7.1/curator-client-2.7.1.jar:/home/wendex/.m2/repository/org/apache/curator/curator-recipes/2.7.1/curator-recipes-2.7.1.jar:/home/wendex/.m2/repository/com/google/code/findbugs/jsr305/3.0.0/jsr305-3.0.0.jar:/home/wendex/.m2/repository/org/apache/htrace/htrace-core/3.1.0-incubating/htrace-core-3.1.0-incubating.jar:/home/wendex/.m2/repository/org/apache/zookeeper/zookeeper/3.4.6/zookeeper-3.4.6.jar:/home/wendex/.m2/repository/org/apache/commons/commons-compress/1.4.1/commons-compress-1.4.1.jar:/home/wendex/.m2/repository/org/tukaani/xz/1.0/xz-1.0.jar:/home/wendex/.m2/repository/org/apache/hadoop/hadoop-hdfs/2.7.3/hadoop-hdfs-2.7.3.jar:/home/wendex/.m2/repository/org/mortbay/jetty/jetty-util/6.1.26/jetty-util-6.1.26.jar:/home/wendex/.m2/repository/io/netty/netty/3.6.2.Final/netty-3.6.2.Final.jar:/home/wendex/.m2/repository/io/netty/netty-all/4.0.23.Final/netty-all-4.0.23.Final.jar:/home/wendex/.m2/repository/xerces/xercesImpl/2.9.1/xercesImpl-2.9.1.jar:/home/wendex/.m2/repository/xml-apis/xml-apis/1.3.04/xml-apis-1.3.04.jar:/home/wendex/.m2/repository/org/fusesource/leveldbjni/leveldbjni-all/1.8/leveldbjni-all-1.8.jar:/home/wendex/.m2/repository/org/apache/hadoop/hadoop-mapreduce-client-app/2.7.3/hadoop-mapreduce-client-app-2.7.3.jar:/home/wendex/.m2/repository/org/apache/hadoop/hadoop-mapreduce-client-common/2.7.3/hadoop-mapreduce-client-common-2.7.3.jar:/home/wendex/.m2/repository/org/apache/hadoop/hadoop-yarn-client/2.7.3/hadoop-yarn-client-2.7.3.jar:/home/wendex/.m2/repository/org/apache/hadoop/hadoop-yarn-server-common/2.7.3/hadoop-yarn-server-common-2.7.3.jar:/home/wendex/.m2/repository/org/apache/hadoop/hadoop-mapreduce-client-shuffle/2.7.3/hadoop-mapreduce-client-shuffle-2.7.3.jar:/home/wendex/.m2/repository/org/apache/hadoop/hadoop-yarn-api/2.7.3/hadoop-yarn-api-2.7.3.jar:/home/wendex/.m2/repository/org/apache/hadoop/hadoop-mapreduce-client-core/2.7.3/hadoop-mapreduce-client-core-2.7.3.jar:/home/wendex/.m2/repository/org/apache/hadoop/hadoop-yarn-common/2.7.3/hadoop-yarn-common-2.7.3.jar:/home/wendex/.m2/repository/javax/xml/bind/jaxb-api/2.2.2/jaxb-api-2.2.2.jar:/home/wendex/.m2/repository/javax/xml/stream/stax-api/1.0-2/stax-api-1.0-2.jar:/home/wendex/.m2/repository/javax/activation/activation/1.1/activation-1.1.jar:/home/wendex/.m2/repository/javax/servlet/servlet-api/2.5/servlet-api-2.5.jar:/home/wendex/.m2/repository/com/sun/jersey/jersey-core/1.9/jersey-core-1.9.jar:/home/wendex/.m2/repository/com/sun/jersey/jersey-client/1.9/jersey-client-1.9.jar:/home/wendex/.m2/repository/org/codehaus/jackson/jackson-jaxrs/1.9.13/jackson-jaxrs-1.9.13.jar:/home/wendex/.m2/repository/org/codehaus/jackson/jackson-xc/1.9.13/jackson-xc-1.9.13.jar:/home/wendex/.m2/repository/org/apache/hadoop/hadoop-mapreduce-client-jobclient/2.7.3/hadoop-mapreduce-client-jobclient-2.7.3.jar:/home/wendex/.m2/repository/org/apache/hadoop/hadoop-annotations/2.7.3/hadoop-annotations-2.7.3.jar:/home/wendex/.m2/repository/junit/junit/4.11/junit-4.11.jar:/home/wendex/.m2/repository/org/hamcrest/hamcrest-core/1.3/hamcrest-core-1.3.jar:"/>
    <property name="sun.cpu.endian" value="little"/>
    <property name="user.home" value="/home/wendex"/>
    <property name="user.language" value="ru"/>
    <property name="java.specification.vendor" value="Oracle Corporation"/>
    <property name="java.version.date" value="2020-04-14"/>
    <property name="java.home" value="/usr/lib/jvm/java-14-openjdk-amd64"/>
    <property name="file.separator" value="/"/>
    <property name="basedir" value="/home/wendex/labs/rsp/lab2"/>
    <property name="java.vm.compressedOopsMode" value="32-bit"/>
    <property name="line.separator" value="&#10;"/>
    <property name="java.vm.specification.vendor" value="Oracle Corporation"/>
    <property name="java.specification.name" value="Java Platform API Specification"/>
    <property name="surefire.real.class.path" value="/home/wendex/labs/rsp/lab2/target/surefire/surefirebooter8227902008481176804.jar"/>
    <property name="sun.management.compiler" value="HotSpot 64-Bit Tiered Compilers"/>
    <property name="java.runtime.version" value="14.0.1+7-Ubuntu-1ubuntu1"/>
    <property name="user.name" value="wendex"/>
    <property name="path.separator" value=":"/>
    <property name="os.version" value="5.4.0-48-generic"/>
    <property name="java.runtime.name" value="OpenJDK Runtime Environment"/>
    <property name="file.encoding" value="UTF-8"/>
    <property name="java.vm.name" value="OpenJDK 64-Bit Server VM"/>
    <property name="localRepository" value="/home/wendex/.m2/repository"/>
    <property name="java.vendor.url.bug" value="Unknown"/>
    <property name="java.io.tmpdir" value="/tmp"/>
    <property name="java.version" value="14.0.1"/>
    <property name="user.dir" value="/home/wendex/labs/rsp/lab2"/>
    <property name="os.arch" value="amd64"/>
    <property name="java.vm.specification.name" value="Java Virtual Machine Specification"/>
    <property name="java.library.path" value="/usr/java/packages/lib:/usr/lib/x86_64-linux-gnu/jni:/lib/x86_64-linux-gnu:/usr/lib/x86_64-linux-gnu:/usr/lib/jni:/lib:/usr/lib"/>
    <property name="java.vm.info" value="mixed mode, sharing"/>
    <property name="java.vendor" value="Private Build"/>
    <property name="java.vm.version" value="14.0.1+7-Ubuntu-1ubuntu1"/>
    <property name="sun.io.unicode.encoding" value="UnicodeLittle"/>
    <property name="java.class.version" value="58.0"/>
  </properties>
  <testcase name="shouldAnswerWithTrue" classname="org.wendex.AppTest" time="0.002"/>
</testsuite>